<?xml version="1.0" encoding="UTF-8"?>
<!-- Generated by org.testng.reporters.JUnitReportReporter -->
<testsuite hostname="Pradeeppandey" name="com.etiam.testcase.Header_title" tests="2" failures="0" timestamp="15 Jun 2015 07:31:33 GMT" time="1.192" errors="0">
  <testcase name="test_Title" time="0.512" classname="com.etiam.testcase.Header_title"/>
  <testcase name="test_Logo" time="0.680" classname="com.etiam.testcase.Header_title"/>
</testsuite> <!-- com.etiam.testcase.Header_title -->
